0 info it worked if it ends with ok
1 verbose cli [ '/Users/nicholasmordecai/.nvm/versions/node/v6.17.1/bin/node',
1 verbose cli   '/Users/nicholasmordecai/.nvm/versions/node/v6.17.1/bin/npm',
1 verbose cli   'run',
1 verbose cli   'dev' ]
2 info using npm@3.10.10
3 info using node@v6.17.1
4 verbose run-script [ 'predev', 'dev', 'postdev' ]
5 info lifecycle docs@0.0.1~predev: docs@0.0.1
6 silly lifecycle docs@0.0.1~predev: no script for predev, continuing
7 info lifecycle docs@0.0.1~dev: docs@0.0.1
8 verbose lifecycle docs@0.0.1~dev: unsafe-perm in lifecycle true
9 verbose lifecycle docs@0.0.1~dev: PATH: /Users/nicholasmordecai/.nvm/versions/node/v6.17.1/lib/node_modules/npm/bin/node-gyp-bin:/Users/nicholasmordecai/Documents/fauxjs/docs/node_modules/.bin:/Users/nicholasmordecai/.nvm/versions/node/v6.17.1/bin:/opt/homebrew/opt/python@3.10/bin:/opt/homebrew/bin:/opt/homebrew/sbin:/usr/local/bin:/usr/bin:/bin:/usr/sbin:/sbin:/opt/homebrew/opt/python@3.10/bin:/opt/homebrew/bin:/opt/homebrew/sbin
10 verbose lifecycle docs@0.0.1~dev: CWD: /Users/nicholasmordecai/Documents/fauxjs/docs
11 silly lifecycle docs@0.0.1~dev: Args: [ '-c', 'vite dev' ]
12 silly lifecycle docs@0.0.1~dev: Returned: code: 1  signal: null
13 info lifecycle docs@0.0.1~dev: Failed to exec dev script
14 verbose stack Error: docs@0.0.1 dev: `vite dev`
14 verbose stack Exit status 1
14 verbose stack     at EventEmitter.<anonymous> (/Users/nicholasmordecai/.nvm/versions/node/v6.17.1/lib/node_modules/npm/lib/utils/lifecycle.js:255:16)
14 verbose stack     at emitTwo (events.js:106:13)
14 verbose stack     at EventEmitter.emit (events.js:191:7)
14 verbose stack     at ChildProcess.<anonymous> (/Users/nicholasmordecai/.nvm/versions/node/v6.17.1/lib/node_modules/npm/lib/utils/spawn.js:40:14)
14 verbose stack     at emitTwo (events.js:106:13)
14 verbose stack     at ChildProcess.emit (events.js:191:7)
14 verbose stack     at maybeClose (internal/child_process.js:920:16)
14 verbose stack     at Process.ChildProcess._handle.onexit (internal/child_process.js:230:5)
15 verbose pkgid docs@0.0.1
16 verbose cwd /Users/nicholasmordecai/Documents/fauxjs/docs
17 error Darwin 21.4.0
18 error argv "/Users/nicholasmordecai/.nvm/versions/node/v6.17.1/bin/node" "/Users/nicholasmordecai/.nvm/versions/node/v6.17.1/bin/npm" "run" "dev"
19 error node v6.17.1
20 error npm  v3.10.10
21 error code ELIFECYCLE
22 error docs@0.0.1 dev: `vite dev`
22 error Exit status 1
23 error Failed at the docs@0.0.1 dev script 'vite dev'.
23 error Make sure you have the latest version of node.js and npm installed.
23 error If you do, this is most likely a problem with the docs package,
23 error not with npm itself.
23 error Tell the author that this fails on your system:
23 error     vite dev
23 error You can get information on how to open an issue for this project with:
23 error     npm bugs docs
23 error Or if that isn't available, you can get their info via:
23 error     npm owner ls docs
23 error There is likely additional logging output above.
24 verbose exit [ 1, true ]
